# SQL Performance Tool Report - 2020-12-12-00:21:06

## SQL

```
select count(*) from book /*ebdf1dbd-099c-458e-a0b8-a4af653d2b6a-615244537076671*/
```

## Test Parameter

```
threadCount:20
rampUpDurationMills:10000
loopCount:5
```

## Database information

Product information

```
SELECT version();

PostgreSQL 12.5 (Debian 12.5-1.pgdg100+1) on x86_64-pc-linux-gnu, compiled by gcc (Debian 8.3.0-6) 8.3.0, 64-bit
```

Configuration

```
SELECT name, setting FROM  pg_settings  where name in ('max_connections','shared_buffers','effective_cache_size','work_mem,maintenance_work_mem','checkpoint_segments','checkpoint_completion_target','fsync,synchronous_commit','random_page_cost','effective_io_concurrency') 

checkpoint_completion_target:0.5
effective_cache_size:524288
effective_io_concurrency:1
max_connections:100
random_page_cost:4
shared_buffers:16384
```
### Execute Result on JVM

```
sql:select count(*) from book /*ebdf1dbd-099c-458e-a0b8-a4af653d2b6a-615244537076671*/
executionCount:100
averageExecutionTime:258501
```

### Execute Result on DB

Statistics

```
SELECT query,rows,calls,total_time,total_time/calls as average_time FROM pg_stat_statements WHERE queryid = 5768514936321949694

query:select count(*) from book /*ebdf1dbd-099c-458e-a0b8-a4af653d2b6a-615244537076671*/
rows:100
calls:100
total_time:6.6873000000000005
average_time:0.066873
```

Execution Plan

```
select plan from pg_store_plans where queryid_stat_statements =5768514936321949694

Aggregate  (cost=1.04..1.05 rows=1 width=8)
  ->  Seq Scan on book  (cost=0.00..1.03 rows=3 width=0)
```
